<?xml version="1.0" encoding="UTF-8"?>
<!-- Generated by org.testng.reporters.JUnitReportReporter -->
<testsuite hostname="LAPTOP-LO8M8OVB" name="GreenKartEcommerce.AddToCartVegetables" tests="2" failures="0" timestamp="21 Jul 2020 01:07:23 GMT" time="24.172" errors="0">
  <testcase name="TC02AddtoCart" time="0.086" classname="GreenKartEcommerce.AddToCartVegetables"/>
  <testcase name="TC01VegetablesAddToCart" time="24.086" classname="GreenKartEcommerce.AddToCartVegetables"/>
</testsuite> <!-- GreenKartEcommerce.AddToCartVegetables -->
