<?xml version="1.0" encoding="UTF-8"?>
<!-- Generated by org.testng.reporters.JUnitReportReporter -->
<testsuite hostname="LAPTOP-LO8M8OVB" name="GreenKartEcommerce.Checkout" tests="1" failures="0" timestamp="21 Jul 2020 01:07:23 GMT" time="0.935" errors="0">
  <testcase name="TC04ValidateProductListsameasAddedByUser" time="0.935" classname="GreenKartEcommerce.Checkout"/>
</testsuite> <!-- GreenKartEcommerce.Checkout -->
